<?xml version="1.0" encoding="UTF-8"?>
<Site BuildName="Linux-g++"
	BuildStamp="20231017-0443-Experimental"
	Name="AtesASUS"
	Generator="ctest-3.25.1"
	CompilerName="/usr/bin/g++"
	CompilerVersion="12.3.0"
	OSName="Linux"
	Hostname="AtesASUS"
	OSRelease="6.2.0-36-generic"
	OSVersion="#37-Ubuntu SMP PREEMPT_DYNAMIC Wed Oct  4 10:14:28 UTC 2023"
	OSPlatform="x86_64"
	Is64Bits="1"
	VendorString="GenuineIntel"
	VendorID="Intel Corporation"
	FamilyID="6"
	ModelID="158"
	ProcessorCacheSize="6144"
	NumberOfLogicalCPU="8"
	NumberOfPhysicalCPU="4"
	TotalVirtualMemory="16383"
	TotalPhysicalMemory="15864"
	LogicalProcessorsPerPhysical="2"
	ProcessorClockFrequency="3399.82"
	>
	<Testing>
		<StartDateTime>Oct 17 00:43 EDT</StartDateTime>
		<StartTestTime>1697517824</StartTestTime>
		<TestList/>
		<EndDateTime>Oct 17 00:43 EDT</EndDateTime>
		<EndTestTime>1697517824</EndTestTime>
		<ElapsedMinutes>0</ElapsedMinutes>
	</Testing>
</Site>
